{"name": "test_side_menu_blocks", "status": "broken", "statusDetails": {"message": "selenium.common.exceptions.NoSuchElementException: Message: \n Element {/html/body/form/div[6]/div/table/tbody/tr[1]/td/table/tbody/tr/td[2]/table/tbody/tr[1]/td/div/table/tbody/tr/td/li[3]/div/div/div/div/ul/li[5]/a/span} was not present after 7 seconds!", "trace": "self = <test_main_page.TestMainPage testMethod=test_side_menu_blocks>\n\n    def test_side_menu_blocks(self):\n>       self.login_page(self.url, self.login, self.password)\n\ntest_main_page.py:11: \n_ _ _ _ _ _ _ _ _ _ _ _ _ _ _ _ _ _ _ _ _ _ _ _ _ _ _ _ _ _ _ _ _ _ _ _ _ _ _ _ _ _ _ _ _ _ _ _ _ _ _ _ _ _ _ _ _ _ _ _ _ _ _ _ _ _ _ _ _ _ _ _ _ _ _ _ _ _ _ _ _ _ _ _ _ _ _ _ _ _ _ _ _ _ _ _ _ _ _ _ _ _ _ _ _ _ _ _ _ _ _ _ _ _ _ _ _ _ _ _ _ _ _ _ _ _ _ _ _ _ _ _ _ _ _ _ _ _ _ _ _ _ _ _ _ _ _ _ _ _ _ _ _ _ _ _ _ \npages\\login_page.py:13: in login_page\n    self.wait_for_element_present(LocatorsLoginPage.LOGIN_ON_LOGED_PAGE, by=\"By.XPATH\", timeout=7)\nvenv\\lib\\site-packages\\seleniumbase\\fixtures\\base_case.py:5802: in wait_for_element_present\n    return page_actions.wait_for_element_present(\nvenv\\lib\\site-packages\\seleniumbase\\fixtures\\page_actions.py:266: in wait_for_element_present\n    timeout_exception(NoSuchElementException, message)\n_ _ _ _ _ _ _ _ _ _ _ _ _ _ _ _ _ _ _ _ _ _ _ _ _ _ _ _ _ _ _ _ _ _ _ _ _ _ _ _ _ _ _ _ _ _ _ _ _ _ _ _ _ _ _ _ _ _ _ _ _ _ _ _ _ _ _ _ _ _ _ _ _ _ _ _ _ _ _ _ _ _ _ _ _ _ _ _ _ _ _ _ _ _ _ _ _ _ _ _ _ _ _ _ _ _ _ _ _ _ _ _ _ _ _ _ _ _ _ _ _ _ _ _ _ _ _ _ _ _ _ _ _ _ _ _ _ _ _ _ _ _ _ _ _ _ _ _ _ _ _ _ _ _ _ _ _ \n\nexception = <class 'selenium.common.exceptions.NoSuchElementException'>, message = '\\n Element {/html/body/form/div[6]/div/table/tbody/tr[1]/td/table/tbody/tr/td[2]/table/tbody/tr[1]/td/div/table/tbody/tr/td/li[3]/div/div/div/div/ul/li[5]/a/span} was not present after 7 seconds!'\n\n    def timeout_exception(exception, message):\n        exception, message = s_utils.format_exc(exception, message)\n>       raise exception(message)\nE       selenium.common.exceptions.NoSuchElementException: Message: \nE        Element {/html/body/form/div[6]/div/table/tbody/tr[1]/td/table/tbody/tr/td[2]/table/tbody/tr[1]/td/div/table/tbody/tr/td/li[3]/div/div/div/div/ul/li[5]/a/span} was not present after 7 seconds!\n\nvenv\\lib\\site-packages\\seleniumbase\\fixtures\\page_actions.py:132: NoSuchElementException"}, "start": 1618480160296, "stop": 1618480173556, "uuid": "1da8bfd7-6400-4a43-ab30-ebd01b29bb90", "historyId": "308146e61304856e04c3af103efca819", "testCaseId": "677bde04a38a725f3be424dab12af2fa", "fullName": "test_main_page.TestMainPage#test_side_menu_blocks", "labels": [{"name": "suite", "value": "test_main_page"}, {"name": "subSuite", "value": "TestMainPage"}, {"name": "host", "value": "DESKTOP-LG7RJ9Q"}, {"name": "thread", "value": "13320-MainThread"}, {"name": "framework", "value": "pytest"}, {"name": "language", "value": "cpython3"}, {"name": "package", "value": "test_main_page"}]}